2022-07-16 17:54:11,533:INFO:PyCaret Supervised Module
2022-07-16 17:54:11,534:INFO:ML Usecase: clustering
2022-07-16 17:54:11,534:INFO:version 2.2.2
2022-07-16 17:54:11,534:INFO:Initializing setup()
2022-07-16 17:54:11,535:INFO:setup(target=None, ml_usecase=clustering, available_plots={'cluster': 'Cluster PCA Plot (2d)', 'tsne': 'Cluster TSnE (3d)', 'elbow': 'Elbow', 'silhouette': 'Silhouette', 'distance': 'Distance', 'distribution': 'Distribution'}, train_size=0.7, test_data=None, preprocess=True, imputation_type=simple, iterative_imputation_iters=5, categorical_features=None, categorical_imputation=mode, categorical_iterative_imputer=lightgbm, ordinal_features=None, high_cardinality_features=None, high_cardinality_method=frequency, numeric_features=None, numeric_imputation=mean, numeric_iterative_imputer=lightgbm, date_features=None, ignore_features=None, normalize=False, normalize_method=zscore, transformation=False, transformation_method=yeo-johnson, handle_unknown_categorical=True, unknown_categorical_method=least_frequent, pca=False, pca_method=linear, pca_components=None, ignore_low_variance=False, combine_rare_levels=False, rare_level_threshold=0.1, bin_numeric_features=None, remove_outliers=False, outliers_threshold=0.05, remove_multicollinearity=False, multicollinearity_threshold=0.9, remove_perfect_collinearity=False, create_clusters=False, cluster_iter=20, polynomial_features=False, polynomial_degree=2, trigonometry_features=False, polynomial_threshold=0.1, group_features=None, group_names=None, feature_selection=False, feature_selection_threshold=0.8, feature_selection_method=classic, feature_interaction=False, feature_ratio=False, interaction_threshold=0.01, fix_imbalance=False, fix_imbalance_method=None, transform_target=False, transform_target_method=box-cox, data_split_shuffle=False, data_split_stratify=False, fold_strategy=kfold, fold=10, fold_shuffle=False, fold_groups=None, n_jobs=-1, use_gpu=False, custom_pipeline=None, html=True, session_id=None, log_experiment=False, experiment_name=None, log_plots=False, log_profile=False, log_data=False, silent=False, verbose=True, profile=False, profile_kwargs=None, display=None)
2022-07-16 17:54:11,539:INFO:Checking environment
2022-07-16 17:54:11,539:INFO:python_version: 3.9.12
2022-07-16 17:54:11,539:INFO:python_build: ('main', 'Apr  4 2022 05:22:27')
2022-07-16 17:54:11,539:INFO:machine: AMD64
2022-07-16 17:54:11,539:INFO:platform: Windows-10-10.0.19044-SP0
2022-07-16 17:54:11,539:INFO:Memory: svmem(total=16963899392, available=8574873600, percent=49.5, used=8389025792, free=8574873600)
2022-07-16 17:54:11,540:INFO:Physical Core: 4
2022-07-16 17:54:11,540:INFO:Logical Core: 8
2022-07-16 17:54:11,540:INFO:Checking libraries
2022-07-16 17:54:11,540:INFO:pd==1.4.2
2022-07-16 17:54:11,540:INFO:numpy==1.21.5
2022-07-16 17:54:11,540:INFO:sklearn==1.1.1
2022-07-16 17:54:12,157:INFO:xgboost==1.6.1
2022-07-16 17:54:12,157:INFO:lightgbm==3.3.2
2022-07-16 17:54:12,793:INFO:catboost==1.0.6
2022-07-16 17:54:14,581:INFO:mlflow==1.27.0
2022-07-16 17:54:14,582:INFO:Checking Exceptions
2022-07-16 17:54:21,240:INFO:PyCaret Supervised Module
2022-07-16 17:54:21,240:INFO:ML Usecase: clustering
2022-07-16 17:54:21,240:INFO:version 2.2.2
2022-07-16 17:54:21,240:INFO:Initializing setup()
2022-07-16 17:54:21,240:INFO:setup(target=None, ml_usecase=clustering, available_plots={'cluster': 'Cluster PCA Plot (2d)', 'tsne': 'Cluster TSnE (3d)', 'elbow': 'Elbow', 'silhouette': 'Silhouette', 'distance': 'Distance', 'distribution': 'Distribution'}, train_size=0.7, test_data=None, preprocess=True, imputation_type=simple, iterative_imputation_iters=5, categorical_features=None, categorical_imputation=mode, categorical_iterative_imputer=lightgbm, ordinal_features=None, high_cardinality_features=None, high_cardinality_method=frequency, numeric_features=None, numeric_imputation=mean, numeric_iterative_imputer=lightgbm, date_features=None, ignore_features=None, normalize=False, normalize_method=zscore, transformation=False, transformation_method=yeo-johnson, handle_unknown_categorical=True, unknown_categorical_method=least_frequent, pca=False, pca_method=linear, pca_components=None, ignore_low_variance=False, combine_rare_levels=False, rare_level_threshold=0.1, bin_numeric_features=None, remove_outliers=False, outliers_threshold=0.05, remove_multicollinearity=False, multicollinearity_threshold=0.9, remove_perfect_collinearity=False, create_clusters=False, cluster_iter=20, polynomial_features=False, polynomial_degree=2, trigonometry_features=False, polynomial_threshold=0.1, group_features=None, group_names=None, feature_selection=False, feature_selection_threshold=0.8, feature_selection_method=classic, feature_interaction=False, feature_ratio=False, interaction_threshold=0.01, fix_imbalance=False, fix_imbalance_method=None, transform_target=False, transform_target_method=box-cox, data_split_shuffle=False, data_split_stratify=False, fold_strategy=kfold, fold=10, fold_shuffle=False, fold_groups=None, n_jobs=-1, use_gpu=False, custom_pipeline=None, html=True, session_id=None, log_experiment=False, experiment_name=None, log_plots=False, log_profile=False, log_data=False, silent=False, verbose=True, profile=False, profile_kwargs=None, display=None)
2022-07-16 17:54:21,241:INFO:Checking environment
2022-07-16 17:54:21,241:INFO:python_version: 3.9.12
2022-07-16 17:54:21,241:INFO:python_build: ('main', 'Apr  4 2022 05:22:27')
2022-07-16 17:54:21,241:INFO:machine: AMD64
2022-07-16 17:54:21,241:INFO:platform: Windows-10-10.0.19044-SP0
2022-07-16 17:54:21,241:INFO:Memory: svmem(total=16963899392, available=8602365952, percent=49.3, used=8361533440, free=8602365952)
2022-07-16 17:54:21,241:INFO:Physical Core: 4
2022-07-16 17:54:21,241:INFO:Logical Core: 8
2022-07-16 17:54:21,241:INFO:Checking libraries
2022-07-16 17:54:21,241:INFO:pd==1.4.2
2022-07-16 17:54:21,241:INFO:numpy==1.21.5
2022-07-16 17:54:21,241:INFO:sklearn==1.1.1
2022-07-16 17:54:21,241:INFO:xgboost==1.6.1
2022-07-16 17:54:21,241:INFO:lightgbm==3.3.2
2022-07-16 17:54:21,241:INFO:catboost==1.0.6
2022-07-16 17:54:21,241:INFO:mlflow==1.27.0
2022-07-16 17:54:21,241:INFO:Checking Exceptions
2022-07-16 17:56:26,378:INFO:PyCaret Supervised Module
2022-07-16 17:56:26,386:INFO:ML Usecase: clustering
2022-07-16 17:56:26,386:INFO:version 2.2.2
2022-07-16 17:56:26,387:INFO:Initializing setup()
2022-07-16 17:56:26,387:INFO:setup(target=None, ml_usecase=clustering, available_plots={'cluster': 'Cluster PCA Plot (2d)', 'tsne': 'Cluster TSnE (3d)', 'elbow': 'Elbow', 'silhouette': 'Silhouette', 'distance': 'Distance', 'distribution': 'Distribution'}, train_size=0.7, test_data=None, preprocess=True, imputation_type=simple, iterative_imputation_iters=5, categorical_features=None, categorical_imputation=mode, categorical_iterative_imputer=lightgbm, ordinal_features=None, high_cardinality_features=None, high_cardinality_method=frequency, numeric_features=None, numeric_imputation=mean, numeric_iterative_imputer=lightgbm, date_features=None, ignore_features=None, normalize=False, normalize_method=zscore, transformation=False, transformation_method=yeo-johnson, handle_unknown_categorical=True, unknown_categorical_method=least_frequent, pca=False, pca_method=linear, pca_components=None, ignore_low_variance=False, combine_rare_levels=False, rare_level_threshold=0.1, bin_numeric_features=None, remove_outliers=False, outliers_threshold=0.05, remove_multicollinearity=False, multicollinearity_threshold=0.9, remove_perfect_collinearity=False, create_clusters=False, cluster_iter=20, polynomial_features=False, polynomial_degree=2, trigonometry_features=False, polynomial_threshold=0.1, group_features=None, group_names=None, feature_selection=False, feature_selection_threshold=0.8, feature_selection_method=classic, feature_interaction=False, feature_ratio=False, interaction_threshold=0.01, fix_imbalance=False, fix_imbalance_method=None, transform_target=False, transform_target_method=box-cox, data_split_shuffle=False, data_split_stratify=False, fold_strategy=kfold, fold=10, fold_shuffle=False, fold_groups=None, n_jobs=-1, use_gpu=False, custom_pipeline=None, html=True, session_id=None, log_experiment=False, experiment_name=None, log_plots=False, log_profile=False, log_data=False, silent=False, verbose=True, profile=False, profile_kwargs=None, display=None)
2022-07-16 17:56:26,387:INFO:Checking environment
2022-07-16 17:56:26,387:INFO:python_version: 3.9.12
2022-07-16 17:56:26,388:INFO:python_build: ('main', 'Apr  4 2022 05:22:27')
2022-07-16 17:56:26,388:INFO:machine: AMD64
2022-07-16 17:56:26,388:INFO:platform: Windows-10-10.0.19044-SP0
2022-07-16 17:56:26,388:INFO:Memory: svmem(total=16963899392, available=8602828800, percent=49.3, used=8361070592, free=8602828800)
2022-07-16 17:56:26,388:INFO:Physical Core: 4
2022-07-16 17:56:26,388:INFO:Logical Core: 8
2022-07-16 17:56:26,388:INFO:Checking libraries
2022-07-16 17:56:26,388:INFO:pd==1.4.2
2022-07-16 17:56:26,388:INFO:numpy==1.21.5
2022-07-16 17:56:26,389:INFO:sklearn==1.1.1
2022-07-16 17:56:26,389:INFO:xgboost==1.6.1
2022-07-16 17:56:26,389:INFO:lightgbm==3.3.2
2022-07-16 17:56:26,389:INFO:catboost==1.0.6
2022-07-16 17:56:26,389:INFO:mlflow==1.27.0
2022-07-16 17:56:26,389:INFO:Checking Exceptions
2022-07-16 17:56:26,389:INFO:Declaring global variables
2022-07-16 17:56:26,389:INFO:USI: 3d36
2022-07-16 17:56:26,389:INFO:pycaret_globals: {'exp_name_log', 'fix_imbalance_method_param', 'pycaret_globals', 'log_plots_param', 'fold_shuffle_param', 'imputation_regressor', '_ml_usecase', 'iterative_imputation_iters_param', 'transform_target_param', 'display_container', 'target_param', '_all_models', 'seed', 'transform_target_method_param', 'USI', 'create_model_container', 'experiment__', 'gpu_param', '_available_plots', 'fold_param', 'master_model_container', 'html_param', 'fold_generator', 'stratify_param', 'logging_param', 'imputation_classifier', 'n_jobs_param', 'prep_pipe', '_internal_pipeline', 'X', 'fold_groups_param', '_all_models_internal', '_gpu_n_jobs_param', 'fix_imbalance_param', 'data_before_preprocess', '_all_metrics'}
2022-07-16 17:56:26,389:INFO:Preparing display monitor
2022-07-16 17:56:26,390:INFO:Preparing display monitor
2022-07-16 17:56:26,415:INFO:Importing libraries
2022-07-16 17:56:26,415:INFO:Copying data for preprocessing
2022-07-16 17:56:26,439:INFO:Declaring preprocessing parameters
2022-07-16 17:56:26,479:INFO:Creating preprocessing pipeline
2022-07-16 17:56:26,987:INFO:Preprocessing pipeline created successfully
2022-07-16 17:56:26,988:ERROR:(Process Exit): setup has been interupted with user command 'quit'. setup must rerun.
2022-07-16 17:56:26,988:INFO:Creating global containers
2022-07-16 17:57:03,585:INFO:PyCaret Supervised Module
2022-07-16 17:57:03,585:INFO:ML Usecase: clustering
2022-07-16 17:57:03,585:INFO:version 2.2.2
2022-07-16 17:57:03,585:INFO:Initializing setup()
2022-07-16 17:57:03,585:INFO:setup(target=None, ml_usecase=clustering, available_plots={'cluster': 'Cluster PCA Plot (2d)', 'tsne': 'Cluster TSnE (3d)', 'elbow': 'Elbow', 'silhouette': 'Silhouette', 'distance': 'Distance', 'distribution': 'Distribution'}, train_size=0.7, test_data=None, preprocess=True, imputation_type=simple, iterative_imputation_iters=5, categorical_features=None, categorical_imputation=mode, categorical_iterative_imputer=lightgbm, ordinal_features=None, high_cardinality_features=None, high_cardinality_method=frequency, numeric_features=None, numeric_imputation=mean, numeric_iterative_imputer=lightgbm, date_features=None, ignore_features=None, normalize=False, normalize_method=zscore, transformation=False, transformation_method=yeo-johnson, handle_unknown_categorical=True, unknown_categorical_method=least_frequent, pca=False, pca_method=linear, pca_components=None, ignore_low_variance=False, combine_rare_levels=False, rare_level_threshold=0.1, bin_numeric_features=None, remove_outliers=False, outliers_threshold=0.05, remove_multicollinearity=False, multicollinearity_threshold=0.9, remove_perfect_collinearity=False, create_clusters=False, cluster_iter=20, polynomial_features=False, polynomial_degree=2, trigonometry_features=False, polynomial_threshold=0.1, group_features=None, group_names=None, feature_selection=False, feature_selection_threshold=0.8, feature_selection_method=classic, feature_interaction=False, feature_ratio=False, interaction_threshold=0.01, fix_imbalance=False, fix_imbalance_method=None, transform_target=False, transform_target_method=box-cox, data_split_shuffle=False, data_split_stratify=False, fold_strategy=kfold, fold=10, fold_shuffle=False, fold_groups=None, n_jobs=-1, use_gpu=False, custom_pipeline=None, html=True, session_id=None, log_experiment=False, experiment_name=None, log_plots=False, log_profile=False, log_data=False, silent=False, verbose=True, profile=False, profile_kwargs=None, display=None)
2022-07-16 17:57:03,586:INFO:Checking environment
2022-07-16 17:57:03,586:INFO:python_version: 3.9.12
2022-07-16 17:57:03,587:INFO:python_build: ('main', 'Apr  4 2022 05:22:27')
2022-07-16 17:57:03,587:INFO:machine: AMD64
2022-07-16 17:57:03,587:INFO:platform: Windows-10-10.0.19044-SP0
2022-07-16 17:57:03,587:INFO:Memory: svmem(total=16963899392, available=8661131264, percent=48.9, used=8302768128, free=8661131264)
2022-07-16 17:57:03,587:INFO:Physical Core: 4
2022-07-16 17:57:03,588:INFO:Logical Core: 8
2022-07-16 17:57:03,588:INFO:Checking libraries
2022-07-16 17:57:03,588:INFO:pd==1.4.2
2022-07-16 17:57:03,588:INFO:numpy==1.21.5
2022-07-16 17:57:03,588:INFO:sklearn==1.1.1
2022-07-16 17:57:03,588:INFO:xgboost==1.6.1
2022-07-16 17:57:03,588:INFO:lightgbm==3.3.2
2022-07-16 17:57:03,588:INFO:catboost==1.0.6
2022-07-16 17:57:03,588:INFO:mlflow==1.27.0
2022-07-16 17:57:03,589:INFO:Checking Exceptions
2022-07-16 17:57:03,589:INFO:Declaring global variables
2022-07-16 17:57:03,589:INFO:USI: 9014
2022-07-16 17:57:03,589:INFO:pycaret_globals: {'exp_name_log', 'fix_imbalance_method_param', 'pycaret_globals', 'log_plots_param', 'fold_shuffle_param', 'imputation_regressor', '_ml_usecase', 'iterative_imputation_iters_param', 'transform_target_param', 'display_container', 'target_param', '_all_models', 'seed', 'transform_target_method_param', 'USI', 'create_model_container', 'experiment__', 'gpu_param', '_available_plots', 'fold_param', 'master_model_container', 'html_param', 'fold_generator', 'stratify_param', 'logging_param', 'imputation_classifier', 'n_jobs_param', 'prep_pipe', '_internal_pipeline', 'X', 'fold_groups_param', '_all_models_internal', '_gpu_n_jobs_param', 'fix_imbalance_param', 'data_before_preprocess', '_all_metrics'}
2022-07-16 17:57:03,589:INFO:Preparing display monitor
2022-07-16 17:57:03,589:INFO:Preparing display monitor
2022-07-16 17:57:03,607:INFO:Importing libraries
2022-07-16 17:57:03,608:INFO:Copying data for preprocessing
2022-07-16 17:57:03,632:INFO:Declaring preprocessing parameters
2022-07-16 17:57:03,663:INFO:Creating preprocessing pipeline
2022-07-16 17:57:03,951:INFO:Preprocessing pipeline created successfully
2022-07-16 17:57:03,951:ERROR:(Process Exit): setup has been interupted with user command 'quit'. setup must rerun.
2022-07-16 17:57:03,954:INFO:Creating global containers
2022-07-16 17:57:46,682:INFO:PyCaret Supervised Module
2022-07-16 17:57:46,682:INFO:ML Usecase: clustering
2022-07-16 17:57:46,682:INFO:version 2.2.2
2022-07-16 17:57:46,682:INFO:Initializing setup()
2022-07-16 17:57:46,682:INFO:setup(target=None, ml_usecase=clustering, available_plots={'cluster': 'Cluster PCA Plot (2d)', 'tsne': 'Cluster TSnE (3d)', 'elbow': 'Elbow', 'silhouette': 'Silhouette', 'distance': 'Distance', 'distribution': 'Distribution'}, train_size=0.7, test_data=None, preprocess=True, imputation_type=simple, iterative_imputation_iters=5, categorical_features=None, categorical_imputation=mode, categorical_iterative_imputer=lightgbm, ordinal_features=None, high_cardinality_features=None, high_cardinality_method=frequency, numeric_features=None, numeric_imputation=mean, numeric_iterative_imputer=lightgbm, date_features=None, ignore_features=None, normalize=False, normalize_method=zscore, transformation=False, transformation_method=yeo-johnson, handle_unknown_categorical=True, unknown_categorical_method=least_frequent, pca=False, pca_method=linear, pca_components=None, ignore_low_variance=False, combine_rare_levels=False, rare_level_threshold=0.1, bin_numeric_features=None, remove_outliers=False, outliers_threshold=0.05, remove_multicollinearity=False, multicollinearity_threshold=0.9, remove_perfect_collinearity=False, create_clusters=False, cluster_iter=20, polynomial_features=False, polynomial_degree=2, trigonometry_features=False, polynomial_threshold=0.1, group_features=None, group_names=None, feature_selection=False, feature_selection_threshold=0.8, feature_selection_method=classic, feature_interaction=False, feature_ratio=False, interaction_threshold=0.01, fix_imbalance=False, fix_imbalance_method=None, transform_target=False, transform_target_method=box-cox, data_split_shuffle=False, data_split_stratify=False, fold_strategy=kfold, fold=10, fold_shuffle=False, fold_groups=None, n_jobs=-1, use_gpu=False, custom_pipeline=None, html=True, session_id=None, log_experiment=False, experiment_name=None, log_plots=False, log_profile=False, log_data=False, silent=False, verbose=True, profile=False, profile_kwargs=None, display=None)
2022-07-16 17:57:46,682:INFO:Checking environment
2022-07-16 17:57:46,682:INFO:python_version: 3.9.12
2022-07-16 17:57:46,682:INFO:python_build: ('main', 'Apr  4 2022 05:22:27')
2022-07-16 17:57:46,683:INFO:machine: AMD64
2022-07-16 17:57:46,683:INFO:platform: Windows-10-10.0.19044-SP0
2022-07-16 17:57:46,683:INFO:Memory: svmem(total=16963899392, available=8560832512, percent=49.5, used=8403066880, free=8560832512)
2022-07-16 17:57:46,683:INFO:Physical Core: 4
2022-07-16 17:57:46,683:INFO:Logical Core: 8
2022-07-16 17:57:46,683:INFO:Checking libraries
2022-07-16 17:57:46,683:INFO:pd==1.4.2
2022-07-16 17:57:46,683:INFO:numpy==1.21.5
2022-07-16 17:57:46,683:INFO:sklearn==1.1.1
2022-07-16 17:57:46,683:INFO:xgboost==1.6.1
2022-07-16 17:57:46,683:INFO:lightgbm==3.3.2
2022-07-16 17:57:46,683:INFO:catboost==1.0.6
2022-07-16 17:57:46,683:INFO:mlflow==1.27.0
2022-07-16 17:57:46,683:INFO:Checking Exceptions
2022-07-16 17:57:46,683:INFO:Declaring global variables
2022-07-16 17:57:46,683:INFO:USI: f67c
2022-07-16 17:57:46,683:INFO:pycaret_globals: {'exp_name_log', 'fix_imbalance_method_param', 'pycaret_globals', 'log_plots_param', 'fold_shuffle_param', 'imputation_regressor', '_ml_usecase', 'iterative_imputation_iters_param', 'transform_target_param', 'display_container', 'target_param', '_all_models', 'seed', 'transform_target_method_param', 'USI', 'create_model_container', 'experiment__', 'gpu_param', '_available_plots', 'fold_param', 'master_model_container', 'html_param', 'fold_generator', 'stratify_param', 'logging_param', 'imputation_classifier', 'n_jobs_param', 'prep_pipe', '_internal_pipeline', 'X', 'fold_groups_param', '_all_models_internal', '_gpu_n_jobs_param', 'fix_imbalance_param', 'data_before_preprocess', '_all_metrics'}
2022-07-16 17:57:46,683:INFO:Preparing display monitor
2022-07-16 17:57:46,683:INFO:Preparing display monitor
2022-07-16 17:57:46,702:INFO:Importing libraries
2022-07-16 17:57:46,704:INFO:Copying data for preprocessing
2022-07-16 17:57:46,727:INFO:Declaring preprocessing parameters
2022-07-16 17:57:46,762:INFO:Creating preprocessing pipeline
2022-07-16 17:57:47,056:INFO:Preprocessing pipeline created successfully
2022-07-16 17:57:47,058:ERROR:(Process Exit): setup has been interupted with user command 'quit'. setup must rerun.
2022-07-16 17:57:47,058:INFO:Creating global containers
2022-07-16 17:59:30,670:INFO:PyCaret Supervised Module
2022-07-16 17:59:30,670:INFO:ML Usecase: clustering
2022-07-16 17:59:30,671:INFO:version 2.2.2
2022-07-16 17:59:30,671:INFO:Initializing setup()
2022-07-16 17:59:30,671:INFO:setup(target=None, ml_usecase=clustering, available_plots={'cluster': 'Cluster PCA Plot (2d)', 'tsne': 'Cluster TSnE (3d)', 'elbow': 'Elbow', 'silhouette': 'Silhouette', 'distance': 'Distance', 'distribution': 'Distribution'}, train_size=0.7, test_data=None, preprocess=True, imputation_type=simple, iterative_imputation_iters=5, categorical_features=None, categorical_imputation=mode, categorical_iterative_imputer=lightgbm, ordinal_features=None, high_cardinality_features=None, high_cardinality_method=frequency, numeric_features=None, numeric_imputation=mean, numeric_iterative_imputer=lightgbm, date_features=None, ignore_features=None, normalize=False, normalize_method=zscore, transformation=False, transformation_method=yeo-johnson, handle_unknown_categorical=True, unknown_categorical_method=least_frequent, pca=False, pca_method=linear, pca_components=None, ignore_low_variance=False, combine_rare_levels=False, rare_level_threshold=0.1, bin_numeric_features=None, remove_outliers=False, outliers_threshold=0.05, remove_multicollinearity=False, multicollinearity_threshold=0.9, remove_perfect_collinearity=False, create_clusters=False, cluster_iter=20, polynomial_features=False, polynomial_degree=2, trigonometry_features=False, polynomial_threshold=0.1, group_features=None, group_names=None, feature_selection=False, feature_selection_threshold=0.8, feature_selection_method=classic, feature_interaction=False, feature_ratio=False, interaction_threshold=0.01, fix_imbalance=False, fix_imbalance_method=None, transform_target=False, transform_target_method=box-cox, data_split_shuffle=False, data_split_stratify=False, fold_strategy=kfold, fold=10, fold_shuffle=False, fold_groups=None, n_jobs=-1, use_gpu=False, custom_pipeline=None, html=True, session_id=None, log_experiment=False, experiment_name=None, log_plots=False, log_profile=False, log_data=False, silent=False, verbose=True, profile=False, profile_kwargs=None, display=None)
2022-07-16 17:59:30,671:INFO:Checking environment
2022-07-16 17:59:30,671:INFO:python_version: 3.9.12
2022-07-16 17:59:30,671:INFO:python_build: ('main', 'Apr  4 2022 05:22:27')
2022-07-16 17:59:30,672:INFO:machine: AMD64
2022-07-16 17:59:30,672:INFO:platform: Windows-10-10.0.19044-SP0
2022-07-16 17:59:30,672:INFO:Memory: svmem(total=16963899392, available=8667312128, percent=48.9, used=8296587264, free=8667312128)
2022-07-16 17:59:30,672:INFO:Physical Core: 4
2022-07-16 17:59:30,672:INFO:Logical Core: 8
2022-07-16 17:59:30,672:INFO:Checking libraries
2022-07-16 17:59:30,672:INFO:pd==1.4.2
2022-07-16 17:59:30,672:INFO:numpy==1.21.5
2022-07-16 17:59:30,672:INFO:sklearn==1.1.1
2022-07-16 17:59:30,673:INFO:xgboost==1.6.1
2022-07-16 17:59:30,673:INFO:lightgbm==3.3.2
2022-07-16 17:59:30,673:INFO:catboost==1.0.6
2022-07-16 17:59:30,673:INFO:mlflow==1.27.0
2022-07-16 17:59:30,673:INFO:Checking Exceptions
2022-07-16 17:59:30,673:INFO:Declaring global variables
2022-07-16 17:59:30,673:INFO:USI: 3f0f
2022-07-16 17:59:30,673:INFO:pycaret_globals: {'exp_name_log', 'fix_imbalance_method_param', 'pycaret_globals', 'log_plots_param', 'fold_shuffle_param', 'imputation_regressor', '_ml_usecase', 'iterative_imputation_iters_param', 'transform_target_param', 'display_container', 'target_param', '_all_models', 'seed', 'transform_target_method_param', 'USI', 'create_model_container', 'experiment__', 'gpu_param', '_available_plots', 'fold_param', 'master_model_container', 'html_param', 'fold_generator', 'stratify_param', 'logging_param', 'imputation_classifier', 'n_jobs_param', 'prep_pipe', '_internal_pipeline', 'X', 'fold_groups_param', '_all_models_internal', '_gpu_n_jobs_param', 'fix_imbalance_param', 'data_before_preprocess', '_all_metrics'}
2022-07-16 17:59:30,673:INFO:Preparing display monitor
2022-07-16 17:59:30,673:INFO:Preparing display monitor
2022-07-16 17:59:30,695:INFO:Importing libraries
2022-07-16 17:59:30,696:INFO:Copying data for preprocessing
2022-07-16 17:59:30,715:INFO:Declaring preprocessing parameters
2022-07-16 17:59:30,720:INFO:Creating preprocessing pipeline
2022-07-16 17:59:30,802:INFO:Preprocessing pipeline created successfully
2022-07-16 17:59:30,802:ERROR:(Process Exit): setup has been interupted with user command 'quit'. setup must rerun.
2022-07-16 17:59:30,803:INFO:Creating global containers
2022-07-16 18:00:40,325:INFO:PyCaret Supervised Module
2022-07-16 18:00:40,325:INFO:ML Usecase: clustering
2022-07-16 18:00:40,325:INFO:version 2.2.2
2022-07-16 18:00:40,325:INFO:Initializing setup()
2022-07-16 18:00:40,325:INFO:setup(target=None, ml_usecase=clustering, available_plots={'cluster': 'Cluster PCA Plot (2d)', 'tsne': 'Cluster TSnE (3d)', 'elbow': 'Elbow', 'silhouette': 'Silhouette', 'distance': 'Distance', 'distribution': 'Distribution'}, train_size=0.7, test_data=None, preprocess=True, imputation_type=simple, iterative_imputation_iters=5, categorical_features=None, categorical_imputation=mode, categorical_iterative_imputer=lightgbm, ordinal_features=None, high_cardinality_features=None, high_cardinality_method=frequency, numeric_features=None, numeric_imputation=mean, numeric_iterative_imputer=lightgbm, date_features=None, ignore_features=None, normalize=False, normalize_method=zscore, transformation=False, transformation_method=yeo-johnson, handle_unknown_categorical=True, unknown_categorical_method=least_frequent, pca=False, pca_method=linear, pca_components=None, ignore_low_variance=False, combine_rare_levels=False, rare_level_threshold=0.1, bin_numeric_features=None, remove_outliers=False, outliers_threshold=0.05, remove_multicollinearity=False, multicollinearity_threshold=0.9, remove_perfect_collinearity=False, create_clusters=False, cluster_iter=20, polynomial_features=False, polynomial_degree=2, trigonometry_features=False, polynomial_threshold=0.1, group_features=None, group_names=None, feature_selection=False, feature_selection_threshold=0.8, feature_selection_method=classic, feature_interaction=False, feature_ratio=False, interaction_threshold=0.01, fix_imbalance=False, fix_imbalance_method=None, transform_target=False, transform_target_method=box-cox, data_split_shuffle=False, data_split_stratify=False, fold_strategy=kfold, fold=10, fold_shuffle=False, fold_groups=None, n_jobs=-1, use_gpu=False, custom_pipeline=None, html=True, session_id=None, log_experiment=False, experiment_name=None, log_plots=False, log_profile=False, log_data=False, silent=False, verbose=True, profile=False, profile_kwargs=None, display=None)
2022-07-16 18:00:40,325:INFO:Checking environment
2022-07-16 18:00:40,325:INFO:python_version: 3.9.12
2022-07-16 18:00:40,325:INFO:python_build: ('main', 'Apr  4 2022 05:22:27')
2022-07-16 18:00:40,326:INFO:machine: AMD64
2022-07-16 18:00:40,326:INFO:platform: Windows-10-10.0.19044-SP0
2022-07-16 18:00:40,326:INFO:Memory: svmem(total=16963899392, available=8687869952, percent=48.8, used=8276029440, free=8687869952)
2022-07-16 18:00:40,326:INFO:Physical Core: 4
2022-07-16 18:00:40,326:INFO:Logical Core: 8
2022-07-16 18:00:40,326:INFO:Checking libraries
2022-07-16 18:00:40,326:INFO:pd==1.4.2
2022-07-16 18:00:40,326:INFO:numpy==1.21.5
2022-07-16 18:00:40,326:INFO:sklearn==1.1.1
2022-07-16 18:00:40,327:INFO:xgboost==1.6.1
2022-07-16 18:00:40,327:INFO:lightgbm==3.3.2
2022-07-16 18:00:40,327:INFO:catboost==1.0.6
2022-07-16 18:00:40,327:INFO:mlflow==1.27.0
2022-07-16 18:00:40,327:INFO:Checking Exceptions
2022-07-16 18:00:40,328:INFO:Declaring global variables
2022-07-16 18:00:40,328:INFO:USI: 25b0
2022-07-16 18:00:40,328:INFO:pycaret_globals: {'exp_name_log', 'fix_imbalance_method_param', 'pycaret_globals', 'log_plots_param', 'fold_shuffle_param', 'imputation_regressor', '_ml_usecase', 'iterative_imputation_iters_param', 'transform_target_param', 'display_container', 'target_param', '_all_models', 'seed', 'transform_target_method_param', 'USI', 'create_model_container', 'experiment__', 'gpu_param', '_available_plots', 'fold_param', 'master_model_container', 'html_param', 'fold_generator', 'stratify_param', 'logging_param', 'imputation_classifier', 'n_jobs_param', 'prep_pipe', '_internal_pipeline', 'X', 'fold_groups_param', '_all_models_internal', '_gpu_n_jobs_param', 'fix_imbalance_param', 'data_before_preprocess', '_all_metrics'}
2022-07-16 18:00:40,329:INFO:Preparing display monitor
2022-07-16 18:00:40,329:INFO:Preparing display monitor
2022-07-16 18:00:40,345:INFO:Importing libraries
2022-07-16 18:00:40,346:INFO:Copying data for preprocessing
2022-07-16 18:00:40,357:INFO:Declaring preprocessing parameters
2022-07-16 18:00:40,363:INFO:Creating preprocessing pipeline
2022-07-16 18:00:40,414:INFO:Preprocessing pipeline created successfully
2022-07-16 18:00:40,421:ERROR:(Process Exit): setup has been interupted with user command 'quit'. setup must rerun.
2022-07-16 18:00:40,421:INFO:Creating global containers
2022-07-16 18:05:21,780:INFO:PyCaret Supervised Module
2022-07-16 18:05:21,780:INFO:ML Usecase: clustering
2022-07-16 18:05:21,780:INFO:version 2.2.2
2022-07-16 18:05:21,780:INFO:Initializing setup()
2022-07-16 18:05:21,780:INFO:setup(target=None, ml_usecase=clustering, available_plots={'cluster': 'Cluster PCA Plot (2d)', 'tsne': 'Cluster TSnE (3d)', 'elbow': 'Elbow', 'silhouette': 'Silhouette', 'distance': 'Distance', 'distribution': 'Distribution'}, train_size=0.7, test_data=None, preprocess=True, imputation_type=simple, iterative_imputation_iters=5, categorical_features=None, categorical_imputation=mode, categorical_iterative_imputer=lightgbm, ordinal_features=None, high_cardinality_features=None, high_cardinality_method=frequency, numeric_features=None, numeric_imputation=mean, numeric_iterative_imputer=lightgbm, date_features=None, ignore_features=None, normalize=False, normalize_method=zscore, transformation=False, transformation_method=yeo-johnson, handle_unknown_categorical=True, unknown_categorical_method=least_frequent, pca=False, pca_method=linear, pca_components=None, ignore_low_variance=False, combine_rare_levels=False, rare_level_threshold=0.1, bin_numeric_features=None, remove_outliers=False, outliers_threshold=0.05, remove_multicollinearity=False, multicollinearity_threshold=0.9, remove_perfect_collinearity=False, create_clusters=False, cluster_iter=20, polynomial_features=False, polynomial_degree=2, trigonometry_features=False, polynomial_threshold=0.1, group_features=None, group_names=None, feature_selection=False, feature_selection_threshold=0.8, feature_selection_method=classic, feature_interaction=False, feature_ratio=False, interaction_threshold=0.01, fix_imbalance=False, fix_imbalance_method=None, transform_target=False, transform_target_method=box-cox, data_split_shuffle=False, data_split_stratify=False, fold_strategy=kfold, fold=10, fold_shuffle=False, fold_groups=None, n_jobs=-1, use_gpu=False, custom_pipeline=None, html=True, session_id=None, log_experiment=False, experiment_name=None, log_plots=False, log_profile=False, log_data=False, silent=False, verbose=True, profile=False, profile_kwargs=None, display=None)
2022-07-16 18:05:21,780:INFO:Checking environment
2022-07-16 18:05:21,781:INFO:python_version: 3.9.12
2022-07-16 18:05:21,781:INFO:python_build: ('main', 'Apr  4 2022 05:22:27')
2022-07-16 18:05:21,781:INFO:machine: AMD64
2022-07-16 18:05:21,781:INFO:platform: Windows-10-10.0.19044-SP0
2022-07-16 18:05:21,781:INFO:Memory: svmem(total=16963899392, available=8509317120, percent=49.8, used=8454582272, free=8509317120)
2022-07-16 18:05:21,781:INFO:Physical Core: 4
2022-07-16 18:05:21,781:INFO:Logical Core: 8
2022-07-16 18:05:21,781:INFO:Checking libraries
2022-07-16 18:05:21,781:INFO:pd==1.4.2
2022-07-16 18:05:21,781:INFO:numpy==1.21.5
2022-07-16 18:05:21,781:INFO:sklearn==1.1.1
2022-07-16 18:05:21,782:INFO:xgboost==1.6.1
2022-07-16 18:05:21,782:INFO:lightgbm==3.3.2
2022-07-16 18:05:21,782:INFO:catboost==1.0.6
2022-07-16 18:05:21,782:INFO:mlflow==1.27.0
2022-07-16 18:05:21,782:INFO:Checking Exceptions
2022-07-16 18:05:21,782:INFO:Declaring global variables
2022-07-16 18:05:21,782:INFO:USI: cc0f
2022-07-16 18:05:21,782:INFO:pycaret_globals: {'exp_name_log', 'fix_imbalance_method_param', 'pycaret_globals', 'log_plots_param', 'fold_shuffle_param', 'imputation_regressor', '_ml_usecase', 'iterative_imputation_iters_param', 'transform_target_param', 'display_container', 'target_param', '_all_models', 'seed', 'transform_target_method_param', 'USI', 'create_model_container', 'experiment__', 'gpu_param', '_available_plots', 'fold_param', 'master_model_container', 'html_param', 'fold_generator', 'stratify_param', 'logging_param', 'imputation_classifier', 'n_jobs_param', 'prep_pipe', '_internal_pipeline', 'X', 'fold_groups_param', '_all_models_internal', '_gpu_n_jobs_param', 'fix_imbalance_param', 'data_before_preprocess', '_all_metrics'}
2022-07-16 18:05:21,782:INFO:Preparing display monitor
2022-07-16 18:05:21,782:INFO:Preparing display monitor
2022-07-16 18:05:21,799:INFO:Importing libraries
2022-07-16 18:05:21,799:INFO:Copying data for preprocessing
2022-07-16 18:05:21,811:INFO:Declaring preprocessing parameters
2022-07-16 18:05:21,814:INFO:Creating preprocessing pipeline
2022-07-16 18:05:21,820:INFO:Preprocessing pipeline created successfully
2022-07-16 18:05:21,821:ERROR:(Process Exit): setup has been interupted with user command 'quit'. setup must rerun.
2022-07-16 18:05:21,821:INFO:Creating global containers
2022-07-16 18:05:50,419:INFO:PyCaret Supervised Module
2022-07-16 18:05:50,419:INFO:ML Usecase: clustering
2022-07-16 18:05:50,419:INFO:version 2.2.2
2022-07-16 18:05:50,419:INFO:Initializing setup()
2022-07-16 18:05:50,419:INFO:setup(target=None, ml_usecase=clustering, available_plots={'cluster': 'Cluster PCA Plot (2d)', 'tsne': 'Cluster TSnE (3d)', 'elbow': 'Elbow', 'silhouette': 'Silhouette', 'distance': 'Distance', 'distribution': 'Distribution'}, train_size=0.7, test_data=None, preprocess=True, imputation_type=simple, iterative_imputation_iters=5, categorical_features=None, categorical_imputation=mode, categorical_iterative_imputer=lightgbm, ordinal_features=None, high_cardinality_features=None, high_cardinality_method=frequency, numeric_features=None, numeric_imputation=mean, numeric_iterative_imputer=lightgbm, date_features=None, ignore_features=None, normalize=False, normalize_method=zscore, transformation=False, transformation_method=yeo-johnson, handle_unknown_categorical=True, unknown_categorical_method=least_frequent, pca=False, pca_method=linear, pca_components=None, ignore_low_variance=False, combine_rare_levels=False, rare_level_threshold=0.1, bin_numeric_features=None, remove_outliers=False, outliers_threshold=0.05, remove_multicollinearity=False, multicollinearity_threshold=0.9, remove_perfect_collinearity=False, create_clusters=False, cluster_iter=20, polynomial_features=False, polynomial_degree=2, trigonometry_features=False, polynomial_threshold=0.1, group_features=None, group_names=None, feature_selection=False, feature_selection_threshold=0.8, feature_selection_method=classic, feature_interaction=False, feature_ratio=False, interaction_threshold=0.01, fix_imbalance=False, fix_imbalance_method=None, transform_target=False, transform_target_method=box-cox, data_split_shuffle=False, data_split_stratify=False, fold_strategy=kfold, fold=10, fold_shuffle=False, fold_groups=None, n_jobs=-1, use_gpu=False, custom_pipeline=None, html=True, session_id=None, log_experiment=False, experiment_name=None, log_plots=False, log_profile=False, log_data=False, silent=False, verbose=True, profile=False, profile_kwargs=None, display=None)
2022-07-16 18:05:50,420:INFO:Checking environment
2022-07-16 18:05:50,420:INFO:python_version: 3.9.12
2022-07-16 18:05:50,420:INFO:python_build: ('main', 'Apr  4 2022 05:22:27')
2022-07-16 18:05:50,420:INFO:machine: AMD64
2022-07-16 18:05:50,420:INFO:platform: Windows-10-10.0.19044-SP0
2022-07-16 18:05:50,420:INFO:Memory: svmem(total=16963899392, available=8445165568, percent=50.2, used=8518733824, free=8445165568)
2022-07-16 18:05:50,420:INFO:Physical Core: 4
2022-07-16 18:05:50,420:INFO:Logical Core: 8
2022-07-16 18:05:50,420:INFO:Checking libraries
2022-07-16 18:05:50,420:INFO:pd==1.4.2
2022-07-16 18:05:50,420:INFO:numpy==1.21.5
2022-07-16 18:05:50,420:INFO:sklearn==1.1.1
2022-07-16 18:05:50,420:INFO:xgboost==1.6.1
2022-07-16 18:05:50,421:INFO:lightgbm==3.3.2
2022-07-16 18:05:50,421:INFO:catboost==1.0.6
2022-07-16 18:05:50,421:INFO:mlflow==1.27.0
2022-07-16 18:05:50,421:INFO:Checking Exceptions
2022-07-16 18:05:50,421:INFO:Declaring global variables
2022-07-16 18:05:50,421:INFO:USI: b4c9
2022-07-16 18:05:50,421:INFO:pycaret_globals: {'exp_name_log', 'fix_imbalance_method_param', 'pycaret_globals', 'log_plots_param', 'fold_shuffle_param', 'imputation_regressor', '_ml_usecase', 'iterative_imputation_iters_param', 'transform_target_param', 'display_container', 'target_param', '_all_models', 'seed', 'transform_target_method_param', 'USI', 'create_model_container', 'experiment__', 'gpu_param', '_available_plots', 'fold_param', 'master_model_container', 'html_param', 'fold_generator', 'stratify_param', 'logging_param', 'imputation_classifier', 'n_jobs_param', 'prep_pipe', '_internal_pipeline', 'X', 'fold_groups_param', '_all_models_internal', '_gpu_n_jobs_param', 'fix_imbalance_param', 'data_before_preprocess', '_all_metrics'}
2022-07-16 18:05:50,422:INFO:Preparing display monitor
2022-07-16 18:05:50,422:INFO:Preparing display monitor
2022-07-16 18:05:50,438:INFO:Importing libraries
2022-07-16 18:05:50,439:INFO:Copying data for preprocessing
2022-07-16 18:05:50,451:INFO:Declaring preprocessing parameters
2022-07-16 18:05:50,453:INFO:Creating preprocessing pipeline
2022-07-16 18:05:50,459:INFO:Preprocessing pipeline created successfully
2022-07-16 18:05:50,459:ERROR:(Process Exit): setup has been interupted with user command 'quit'. setup must rerun.
2022-07-16 18:05:50,459:INFO:Creating global containers
2022-07-16 18:06:38,297:INFO:PyCaret Supervised Module
2022-07-16 18:06:38,298:INFO:ML Usecase: clustering
2022-07-16 18:06:38,298:INFO:version 2.2.2
2022-07-16 18:06:38,298:INFO:Initializing setup()
2022-07-16 18:06:38,298:INFO:setup(target=None, ml_usecase=clustering, available_plots={'cluster': 'Cluster PCA Plot (2d)', 'tsne': 'Cluster TSnE (3d)', 'elbow': 'Elbow', 'silhouette': 'Silhouette', 'distance': 'Distance', 'distribution': 'Distribution'}, train_size=0.7, test_data=None, preprocess=True, imputation_type=simple, iterative_imputation_iters=5, categorical_features=None, categorical_imputation=mode, categorical_iterative_imputer=lightgbm, ordinal_features=None, high_cardinality_features=None, high_cardinality_method=frequency, numeric_features=None, numeric_imputation=mean, numeric_iterative_imputer=lightgbm, date_features=None, ignore_features=None, normalize=False, normalize_method=zscore, transformation=False, transformation_method=yeo-johnson, handle_unknown_categorical=True, unknown_categorical_method=least_frequent, pca=False, pca_method=linear, pca_components=None, ignore_low_variance=False, combine_rare_levels=False, rare_level_threshold=0.1, bin_numeric_features=None, remove_outliers=False, outliers_threshold=0.05, remove_multicollinearity=False, multicollinearity_threshold=0.9, remove_perfect_collinearity=False, create_clusters=False, cluster_iter=20, polynomial_features=False, polynomial_degree=2, trigonometry_features=False, polynomial_threshold=0.1, group_features=None, group_names=None, feature_selection=False, feature_selection_threshold=0.8, feature_selection_method=classic, feature_interaction=False, feature_ratio=False, interaction_threshold=0.01, fix_imbalance=False, fix_imbalance_method=None, transform_target=False, transform_target_method=box-cox, data_split_shuffle=False, data_split_stratify=False, fold_strategy=kfold, fold=10, fold_shuffle=False, fold_groups=None, n_jobs=-1, use_gpu=False, custom_pipeline=None, html=True, session_id=None, log_experiment=False, experiment_name=None, log_plots=False, log_profile=False, log_data=False, silent=False, verbose=True, profile=False, profile_kwargs=None, display=None)
2022-07-16 18:06:38,298:INFO:Checking environment
2022-07-16 18:06:38,298:INFO:python_version: 3.9.12
2022-07-16 18:06:38,298:INFO:python_build: ('main', 'Apr  4 2022 05:22:27')
2022-07-16 18:06:38,298:INFO:machine: AMD64
2022-07-16 18:06:38,298:INFO:platform: Windows-10-10.0.19044-SP0
2022-07-16 18:06:38,299:INFO:Memory: svmem(total=16963899392, available=8704577536, percent=48.7, used=8259321856, free=8704577536)
2022-07-16 18:06:38,299:INFO:Physical Core: 4
2022-07-16 18:06:38,299:INFO:Logical Core: 8
2022-07-16 18:06:38,299:INFO:Checking libraries
2022-07-16 18:06:38,299:INFO:pd==1.4.2
2022-07-16 18:06:38,299:INFO:numpy==1.21.5
2022-07-16 18:06:38,299:INFO:sklearn==1.1.1
2022-07-16 18:06:38,338:INFO:xgboost==1.6.1
2022-07-16 18:06:38,338:INFO:lightgbm==3.3.2
2022-07-16 18:06:38,364:INFO:catboost==1.0.6
2022-07-16 18:06:39,551:INFO:mlflow==1.27.0
2022-07-16 18:06:39,551:INFO:Checking Exceptions
2022-07-16 18:06:39,551:INFO:Declaring global variables
2022-07-16 18:06:39,551:INFO:USI: d742
2022-07-16 18:06:39,551:INFO:pycaret_globals: {'fold_shuffle_param', 'fix_imbalance_method_param', 'target_param', '_available_plots', 'n_jobs_param', 'pycaret_globals', '_ml_usecase', 'seed', 'prep_pipe', '_all_models_internal', 'fold_param', 'fold_groups_param', '_all_models', 'gpu_param', 'imputation_classifier', 'display_container', 'X', 'master_model_container', 'fix_imbalance_param', 'data_before_preprocess', '_internal_pipeline', 'transform_target_method_param', 'fold_generator', 'imputation_regressor', 'stratify_param', 'exp_name_log', 'experiment__', '_gpu_n_jobs_param', 'USI', '_all_metrics', 'html_param', 'create_model_container', 'iterative_imputation_iters_param', 'transform_target_param', 'log_plots_param', 'logging_param'}
2022-07-16 18:06:39,551:INFO:Preparing display monitor
2022-07-16 18:06:39,551:INFO:Preparing display monitor
2022-07-16 18:06:39,571:INFO:Importing libraries
2022-07-16 18:06:39,572:INFO:Copying data for preprocessing
2022-07-16 18:06:39,584:INFO:Declaring preprocessing parameters
2022-07-16 18:06:39,586:INFO:Creating preprocessing pipeline
2022-07-16 18:06:39,591:INFO:Preprocessing pipeline created successfully
2022-07-16 18:06:39,591:ERROR:(Process Exit): setup has been interupted with user command 'quit'. setup must rerun.
2022-07-16 18:06:39,591:INFO:Creating global containers
2022-07-16 18:12:15,513:INFO:PyCaret Supervised Module
2022-07-16 18:12:15,513:INFO:ML Usecase: clustering
2022-07-16 18:12:15,513:INFO:version 2.2.2
2022-07-16 18:12:15,514:INFO:Initializing setup()
2022-07-16 18:12:15,514:INFO:setup(target=None, ml_usecase=clustering, available_plots={'cluster': 'Cluster PCA Plot (2d)', 'tsne': 'Cluster TSnE (3d)', 'elbow': 'Elbow', 'silhouette': 'Silhouette', 'distance': 'Distance', 'distribution': 'Distribution'}, train_size=0.7, test_data=None, preprocess=True, imputation_type=simple, iterative_imputation_iters=5, categorical_features=None, categorical_imputation=mode, categorical_iterative_imputer=lightgbm, ordinal_features=None, high_cardinality_features=None, high_cardinality_method=frequency, numeric_features=None, numeric_imputation=mean, numeric_iterative_imputer=lightgbm, date_features=None, ignore_features=None, normalize=True, normalize_method=zscore, transformation=False, transformation_method=yeo-johnson, handle_unknown_categorical=True, unknown_categorical_method=least_frequent, pca=False, pca_method=linear, pca_components=None, ignore_low_variance=False, combine_rare_levels=False, rare_level_threshold=0.1, bin_numeric_features=None, remove_outliers=False, outliers_threshold=0.05, remove_multicollinearity=False, multicollinearity_threshold=0.9, remove_perfect_collinearity=False, create_clusters=False, cluster_iter=20, polynomial_features=False, polynomial_degree=2, trigonometry_features=False, polynomial_threshold=0.1, group_features=None, group_names=None, feature_selection=False, feature_selection_threshold=0.8, feature_selection_method=classic, feature_interaction=False, feature_ratio=False, interaction_threshold=0.01, fix_imbalance=False, fix_imbalance_method=None, transform_target=False, transform_target_method=box-cox, data_split_shuffle=False, data_split_stratify=False, fold_strategy=kfold, fold=10, fold_shuffle=False, fold_groups=None, n_jobs=-1, use_gpu=False, custom_pipeline=None, html=True, session_id=None, log_experiment=False, experiment_name=None, log_plots=False, log_profile=False, log_data=False, silent=False, verbose=True, profile=False, profile_kwargs=None, display=None)
2022-07-16 18:12:15,514:INFO:Checking environment
2022-07-16 18:12:15,514:INFO:python_version: 3.9.12
2022-07-16 18:12:15,514:INFO:python_build: ('main', 'Apr  4 2022 05:22:27')
2022-07-16 18:12:15,514:INFO:machine: AMD64
2022-07-16 18:12:15,514:INFO:platform: Windows-10-10.0.19044-SP0
2022-07-16 18:12:15,515:INFO:Memory: svmem(total=16963899392, available=8025915392, percent=52.7, used=8937984000, free=8025915392)
2022-07-16 18:12:15,515:INFO:Physical Core: 4
2022-07-16 18:12:15,515:INFO:Logical Core: 8
2022-07-16 18:12:15,515:INFO:Checking libraries
2022-07-16 18:12:15,515:INFO:pd==1.4.2
2022-07-16 18:12:15,515:INFO:numpy==1.21.5
2022-07-16 18:12:15,515:INFO:sklearn==1.1.1
2022-07-16 18:12:15,515:INFO:xgboost==1.6.1
2022-07-16 18:12:15,515:INFO:lightgbm==3.3.2
2022-07-16 18:12:15,515:INFO:catboost==1.0.6
2022-07-16 18:12:15,515:INFO:mlflow==1.27.0
2022-07-16 18:12:15,515:INFO:Checking Exceptions
2022-07-16 18:12:15,516:INFO:Declaring global variables
2022-07-16 18:12:15,516:INFO:USI: 518b
2022-07-16 18:12:15,516:INFO:pycaret_globals: {'fold_shuffle_param', 'fix_imbalance_method_param', 'target_param', '_available_plots', 'n_jobs_param', 'pycaret_globals', '_ml_usecase', 'seed', 'prep_pipe', '_all_models_internal', 'fold_param', 'fold_groups_param', '_all_models', 'gpu_param', 'imputation_classifier', 'display_container', 'X', 'master_model_container', 'fix_imbalance_param', 'data_before_preprocess', '_internal_pipeline', 'transform_target_method_param', 'fold_generator', 'imputation_regressor', 'stratify_param', 'exp_name_log', 'experiment__', '_gpu_n_jobs_param', 'USI', '_all_metrics', 'html_param', 'create_model_container', 'iterative_imputation_iters_param', 'transform_target_param', 'log_plots_param', 'logging_param'}
2022-07-16 18:12:15,516:INFO:Preparing display monitor
2022-07-16 18:12:15,516:INFO:Preparing display monitor
2022-07-16 18:12:15,535:INFO:Importing libraries
2022-07-16 18:12:15,535:INFO:Copying data for preprocessing
2022-07-16 18:12:15,548:INFO:Declaring preprocessing parameters
2022-07-16 18:12:15,557:INFO:Creating preprocessing pipeline
2022-07-16 18:12:15,625:INFO:Preprocessing pipeline created successfully
2022-07-16 18:12:15,625:ERROR:(Process Exit): setup has been interupted with user command 'quit'. setup must rerun.
2022-07-16 18:12:15,626:INFO:Creating global containers
2022-07-16 18:12:28,218:INFO:PyCaret Supervised Module
2022-07-16 18:12:28,218:INFO:ML Usecase: clustering
2022-07-16 18:12:28,218:INFO:version 2.2.2
2022-07-16 18:12:28,219:INFO:Initializing setup()
2022-07-16 18:12:28,219:INFO:setup(target=None, ml_usecase=clustering, available_plots={'cluster': 'Cluster PCA Plot (2d)', 'tsne': 'Cluster TSnE (3d)', 'elbow': 'Elbow', 'silhouette': 'Silhouette', 'distance': 'Distance', 'distribution': 'Distribution'}, train_size=0.7, test_data=None, preprocess=True, imputation_type=simple, iterative_imputation_iters=5, categorical_features=None, categorical_imputation=mode, categorical_iterative_imputer=lightgbm, ordinal_features=None, high_cardinality_features=None, high_cardinality_method=frequency, numeric_features=None, numeric_imputation=mean, numeric_iterative_imputer=lightgbm, date_features=None, ignore_features=None, normalize=True, normalize_method=zscore, transformation=False, transformation_method=yeo-johnson, handle_unknown_categorical=True, unknown_categorical_method=least_frequent, pca=False, pca_method=linear, pca_components=None, ignore_low_variance=False, combine_rare_levels=False, rare_level_threshold=0.1, bin_numeric_features=None, remove_outliers=False, outliers_threshold=0.05, remove_multicollinearity=False, multicollinearity_threshold=0.9, remove_perfect_collinearity=False, create_clusters=False, cluster_iter=20, polynomial_features=False, polynomial_degree=2, trigonometry_features=False, polynomial_threshold=0.1, group_features=None, group_names=None, feature_selection=False, feature_selection_threshold=0.8, feature_selection_method=classic, feature_interaction=False, feature_ratio=False, interaction_threshold=0.01, fix_imbalance=False, fix_imbalance_method=None, transform_target=False, transform_target_method=box-cox, data_split_shuffle=False, data_split_stratify=False, fold_strategy=kfold, fold=10, fold_shuffle=False, fold_groups=None, n_jobs=-1, use_gpu=False, custom_pipeline=None, html=True, session_id=None, log_experiment=False, experiment_name=None, log_plots=False, log_profile=False, log_data=False, silent=False, verbose=True, profile=False, profile_kwargs=None, display=None)
2022-07-16 18:12:28,219:INFO:Checking environment
2022-07-16 18:12:28,219:INFO:python_version: 3.9.12
2022-07-16 18:12:28,219:INFO:python_build: ('main', 'Apr  4 2022 05:22:27')
2022-07-16 18:12:28,219:INFO:machine: AMD64
2022-07-16 18:12:28,219:INFO:platform: Windows-10-10.0.19044-SP0
2022-07-16 18:12:28,219:INFO:Memory: svmem(total=16963899392, available=8766279680, percent=48.3, used=8197619712, free=8766279680)
2022-07-16 18:12:28,219:INFO:Physical Core: 4
2022-07-16 18:12:28,219:INFO:Logical Core: 8
2022-07-16 18:12:28,220:INFO:Checking libraries
2022-07-16 18:12:28,220:INFO:pd==1.4.2
2022-07-16 18:12:28,220:INFO:numpy==1.21.5
2022-07-16 18:12:28,220:INFO:sklearn==1.1.1
2022-07-16 18:12:28,220:INFO:xgboost==1.6.1
2022-07-16 18:12:28,220:INFO:lightgbm==3.3.2
2022-07-16 18:12:28,220:INFO:catboost==1.0.6
2022-07-16 18:12:28,220:INFO:mlflow==1.27.0
2022-07-16 18:12:28,220:INFO:Checking Exceptions
2022-07-16 18:12:28,220:INFO:Declaring global variables
2022-07-16 18:12:28,220:INFO:USI: aeda
2022-07-16 18:12:28,220:INFO:pycaret_globals: {'fold_shuffle_param', 'fix_imbalance_method_param', 'target_param', '_available_plots', 'n_jobs_param', 'pycaret_globals', '_ml_usecase', 'seed', 'prep_pipe', '_all_models_internal', 'fold_param', 'fold_groups_param', '_all_models', 'gpu_param', 'imputation_classifier', 'display_container', 'X', 'master_model_container', 'fix_imbalance_param', 'data_before_preprocess', '_internal_pipeline', 'transform_target_method_param', 'fold_generator', 'imputation_regressor', 'stratify_param', 'exp_name_log', 'experiment__', '_gpu_n_jobs_param', 'USI', '_all_metrics', 'html_param', 'create_model_container', 'iterative_imputation_iters_param', 'transform_target_param', 'log_plots_param', 'logging_param'}
2022-07-16 18:12:28,220:INFO:Preparing display monitor
2022-07-16 18:12:28,220:INFO:Preparing display monitor
2022-07-16 18:12:28,236:INFO:Importing libraries
2022-07-16 18:12:28,237:INFO:Copying data for preprocessing
2022-07-16 18:12:28,247:INFO:Declaring preprocessing parameters
2022-07-16 18:12:28,249:INFO:Creating preprocessing pipeline
2022-07-16 18:12:28,253:INFO:Preprocessing pipeline created successfully
2022-07-16 18:12:28,254:ERROR:(Process Exit): setup has been interupted with user command 'quit'. setup must rerun.
2022-07-16 18:12:28,254:INFO:Creating global containers
2022-07-16 18:13:09,731:INFO:PyCaret Supervised Module
2022-07-16 18:13:09,731:INFO:ML Usecase: clustering
2022-07-16 18:13:09,732:INFO:version 2.2.2
2022-07-16 18:13:09,732:INFO:Initializing setup()
2022-07-16 18:13:09,732:INFO:setup(target=None, ml_usecase=clustering, available_plots={'cluster': 'Cluster PCA Plot (2d)', 'tsne': 'Cluster TSnE (3d)', 'elbow': 'Elbow', 'silhouette': 'Silhouette', 'distance': 'Distance', 'distribution': 'Distribution'}, train_size=0.7, test_data=None, preprocess=True, imputation_type=simple, iterative_imputation_iters=5, categorical_features=None, categorical_imputation=mode, categorical_iterative_imputer=lightgbm, ordinal_features=None, high_cardinality_features=None, high_cardinality_method=frequency, numeric_features=None, numeric_imputation=mean, numeric_iterative_imputer=lightgbm, date_features=None, ignore_features=None, normalize=True, normalize_method=zscore, transformation=False, transformation_method=yeo-johnson, handle_unknown_categorical=True, unknown_categorical_method=least_frequent, pca=False, pca_method=linear, pca_components=None, ignore_low_variance=False, combine_rare_levels=False, rare_level_threshold=0.1, bin_numeric_features=None, remove_outliers=False, outliers_threshold=0.05, remove_multicollinearity=False, multicollinearity_threshold=0.9, remove_perfect_collinearity=False, create_clusters=False, cluster_iter=20, polynomial_features=False, polynomial_degree=2, trigonometry_features=False, polynomial_threshold=0.1, group_features=None, group_names=None, feature_selection=False, feature_selection_threshold=0.8, feature_selection_method=classic, feature_interaction=False, feature_ratio=False, interaction_threshold=0.01, fix_imbalance=False, fix_imbalance_method=None, transform_target=False, transform_target_method=box-cox, data_split_shuffle=False, data_split_stratify=False, fold_strategy=kfold, fold=10, fold_shuffle=False, fold_groups=None, n_jobs=-1, use_gpu=False, custom_pipeline=None, html=True, session_id=None, log_experiment=False, experiment_name=None, log_plots=False, log_profile=False, log_data=False, silent=False, verbose=True, profile=False, profile_kwargs=None, display=None)
2022-07-16 18:13:09,732:INFO:Checking environment
2022-07-16 18:13:09,732:INFO:python_version: 3.9.12
2022-07-16 18:13:09,732:INFO:python_build: ('main', 'Apr  4 2022 05:22:27')
2022-07-16 18:13:09,732:INFO:machine: AMD64
2022-07-16 18:13:09,732:INFO:platform: Windows-10-10.0.19044-SP0
2022-07-16 18:13:09,732:INFO:Memory: svmem(total=16963899392, available=8720777216, percent=48.6, used=8243122176, free=8720777216)
2022-07-16 18:13:09,732:INFO:Physical Core: 4
2022-07-16 18:13:09,732:INFO:Logical Core: 8
2022-07-16 18:13:09,732:INFO:Checking libraries
2022-07-16 18:13:09,733:INFO:pd==1.4.2
2022-07-16 18:13:09,733:INFO:numpy==1.21.5
2022-07-16 18:13:09,733:INFO:sklearn==1.1.1
2022-07-16 18:13:09,734:INFO:xgboost==1.6.1
2022-07-16 18:13:09,734:INFO:lightgbm==3.3.2
2022-07-16 18:13:09,734:INFO:catboost==1.0.6
2022-07-16 18:13:09,734:INFO:mlflow==1.27.0
2022-07-16 18:13:09,734:INFO:Checking Exceptions
2022-07-16 18:13:09,734:INFO:Declaring global variables
2022-07-16 18:13:09,734:INFO:USI: 8237
2022-07-16 18:13:09,734:INFO:pycaret_globals: {'fold_shuffle_param', 'fix_imbalance_method_param', 'target_param', '_available_plots', 'n_jobs_param', 'pycaret_globals', '_ml_usecase', 'seed', 'prep_pipe', '_all_models_internal', 'fold_param', 'fold_groups_param', '_all_models', 'gpu_param', 'imputation_classifier', 'display_container', 'X', 'master_model_container', 'fix_imbalance_param', 'data_before_preprocess', '_internal_pipeline', 'transform_target_method_param', 'fold_generator', 'imputation_regressor', 'stratify_param', 'exp_name_log', 'experiment__', '_gpu_n_jobs_param', 'USI', '_all_metrics', 'html_param', 'create_model_container', 'iterative_imputation_iters_param', 'transform_target_param', 'log_plots_param', 'logging_param'}
2022-07-16 18:13:09,734:INFO:Preparing display monitor
2022-07-16 18:13:09,734:INFO:Preparing display monitor
2022-07-16 18:13:09,749:INFO:Importing libraries
2022-07-16 18:13:09,749:INFO:Copying data for preprocessing
2022-07-16 18:13:09,758:INFO:Declaring preprocessing parameters
2022-07-16 18:13:09,761:INFO:Creating preprocessing pipeline
2022-07-16 18:13:09,767:INFO:Preprocessing pipeline created successfully
2022-07-16 18:13:09,768:ERROR:(Process Exit): setup has been interupted with user command 'quit'. setup must rerun.
2022-07-16 18:13:09,768:INFO:Creating global containers
2022-07-16 18:16:18,894:INFO:PyCaret Supervised Module
2022-07-16 18:16:18,895:INFO:ML Usecase: clustering
2022-07-16 18:16:18,895:INFO:version 2.2.2
2022-07-16 18:16:18,895:INFO:Initializing setup()
2022-07-16 18:16:18,895:INFO:setup(target=None, ml_usecase=clustering, available_plots={'cluster': 'Cluster PCA Plot (2d)', 'tsne': 'Cluster TSnE (3d)', 'elbow': 'Elbow', 'silhouette': 'Silhouette', 'distance': 'Distance', 'distribution': 'Distribution'}, train_size=0.7, test_data=None, preprocess=True, imputation_type=simple, iterative_imputation_iters=5, categorical_features=None, categorical_imputation=mode, categorical_iterative_imputer=lightgbm, ordinal_features=None, high_cardinality_features=None, high_cardinality_method=frequency, numeric_features=None, numeric_imputation=mean, numeric_iterative_imputer=lightgbm, date_features=None, ignore_features=None, normalize=True, normalize_method=zscore, transformation=False, transformation_method=yeo-johnson, handle_unknown_categorical=True, unknown_categorical_method=least_frequent, pca=False, pca_method=linear, pca_components=None, ignore_low_variance=False, combine_rare_levels=False, rare_level_threshold=0.1, bin_numeric_features=None, remove_outliers=False, outliers_threshold=0.05, remove_multicollinearity=False, multicollinearity_threshold=0.9, remove_perfect_collinearity=False, create_clusters=False, cluster_iter=20, polynomial_features=False, polynomial_degree=2, trigonometry_features=False, polynomial_threshold=0.1, group_features=None, group_names=None, feature_selection=False, feature_selection_threshold=0.8, feature_selection_method=classic, feature_interaction=False, feature_ratio=False, interaction_threshold=0.01, fix_imbalance=False, fix_imbalance_method=None, transform_target=False, transform_target_method=box-cox, data_split_shuffle=False, data_split_stratify=False, fold_strategy=kfold, fold=10, fold_shuffle=False, fold_groups=None, n_jobs=-1, use_gpu=False, custom_pipeline=None, html=True, session_id=None, log_experiment=False, experiment_name=None, log_plots=False, log_profile=False, log_data=False, silent=False, verbose=True, profile=False, profile_kwargs=None, display=None)
2022-07-16 18:16:18,895:INFO:Checking environment
2022-07-16 18:16:18,895:INFO:python_version: 3.9.12
2022-07-16 18:16:18,895:INFO:python_build: ('main', 'Apr  4 2022 05:22:27')
2022-07-16 18:16:18,896:INFO:machine: AMD64
2022-07-16 18:16:18,896:INFO:platform: Windows-10-10.0.19044-SP0
2022-07-16 18:16:18,896:INFO:Memory: svmem(total=16963899392, available=8792776704, percent=48.2, used=8171122688, free=8792776704)
2022-07-16 18:16:18,896:INFO:Physical Core: 4
2022-07-16 18:16:18,896:INFO:Logical Core: 8
2022-07-16 18:16:18,896:INFO:Checking libraries
2022-07-16 18:16:18,896:INFO:pd==1.4.2
2022-07-16 18:16:18,896:INFO:numpy==1.21.5
2022-07-16 18:16:18,896:INFO:sklearn==1.1.1
2022-07-16 18:16:18,896:INFO:xgboost==1.6.1
2022-07-16 18:16:18,896:INFO:lightgbm==3.3.2
2022-07-16 18:16:18,896:INFO:catboost==1.0.6
2022-07-16 18:16:18,896:INFO:mlflow==1.27.0
2022-07-16 18:16:18,896:INFO:Checking Exceptions
2022-07-16 18:16:18,896:INFO:Declaring global variables
2022-07-16 18:16:18,896:INFO:USI: 5447
2022-07-16 18:16:18,896:INFO:pycaret_globals: {'fold_shuffle_param', 'fix_imbalance_method_param', 'target_param', '_available_plots', 'n_jobs_param', 'pycaret_globals', '_ml_usecase', 'seed', 'prep_pipe', '_all_models_internal', 'fold_param', 'fold_groups_param', '_all_models', 'gpu_param', 'imputation_classifier', 'display_container', 'X', 'master_model_container', 'fix_imbalance_param', 'data_before_preprocess', '_internal_pipeline', 'transform_target_method_param', 'fold_generator', 'imputation_regressor', 'stratify_param', 'exp_name_log', 'experiment__', '_gpu_n_jobs_param', 'USI', '_all_metrics', 'html_param', 'create_model_container', 'iterative_imputation_iters_param', 'transform_target_param', 'log_plots_param', 'logging_param'}
2022-07-16 18:16:18,896:INFO:Preparing display monitor
2022-07-16 18:16:18,896:INFO:Preparing display monitor
2022-07-16 18:16:18,911:INFO:Importing libraries
2022-07-16 18:16:18,912:INFO:Copying data for preprocessing
2022-07-16 18:16:18,923:INFO:Declaring preprocessing parameters
2022-07-16 18:16:18,925:INFO:Creating preprocessing pipeline
2022-07-16 18:16:18,929:INFO:Preprocessing pipeline created successfully
2022-07-16 18:16:18,929:ERROR:(Process Exit): setup has been interupted with user command 'quit'. setup must rerun.
2022-07-16 18:16:18,929:INFO:Creating global containers
2022-07-17 19:55:38,256:INFO:PyCaret Supervised Module
2022-07-17 19:55:38,256:INFO:ML Usecase: clustering
2022-07-17 19:55:38,256:INFO:version 2.2.2
2022-07-17 19:55:38,256:INFO:Initializing setup()
2022-07-17 19:55:38,256:INFO:setup(target=None, ml_usecase=clustering, available_plots={'cluster': 'Cluster PCA Plot (2d)', 'tsne': 'Cluster TSnE (3d)', 'elbow': 'Elbow', 'silhouette': 'Silhouette', 'distance': 'Distance', 'distribution': 'Distribution'}, train_size=0.7, test_data=None, preprocess=True, imputation_type=simple, iterative_imputation_iters=5, categorical_features=None, categorical_imputation=mode, categorical_iterative_imputer=lightgbm, ordinal_features=None, high_cardinality_features=None, high_cardinality_method=frequency, numeric_features=None, numeric_imputation=mean, numeric_iterative_imputer=lightgbm, date_features=None, ignore_features=None, normalize=True, normalize_method=zscore, transformation=False, transformation_method=yeo-johnson, handle_unknown_categorical=True, unknown_categorical_method=least_frequent, pca=False, pca_method=linear, pca_components=None, ignore_low_variance=False, combine_rare_levels=False, rare_level_threshold=0.1, bin_numeric_features=None, remove_outliers=False, outliers_threshold=0.05, remove_multicollinearity=False, multicollinearity_threshold=0.9, remove_perfect_collinearity=False, create_clusters=False, cluster_iter=20, polynomial_features=False, polynomial_degree=2, trigonometry_features=False, polynomial_threshold=0.1, group_features=None, group_names=None, feature_selection=False, feature_selection_threshold=0.8, feature_selection_method=classic, feature_interaction=False, feature_ratio=False, interaction_threshold=0.01, fix_imbalance=False, fix_imbalance_method=None, transform_target=False, transform_target_method=box-cox, data_split_shuffle=False, data_split_stratify=False, fold_strategy=kfold, fold=10, fold_shuffle=False, fold_groups=None, n_jobs=-1, use_gpu=False, custom_pipeline=None, html=True, session_id=None, log_experiment=False, experiment_name=None, log_plots=False, log_profile=False, log_data=False, silent=False, verbose=True, profile=False, profile_kwargs=None, display=None)
2022-07-17 19:55:38,257:INFO:Checking environment
2022-07-17 19:55:38,257:INFO:python_version: 3.9.12
2022-07-17 19:55:38,257:INFO:python_build: ('main', 'Apr  4 2022 05:22:27')
2022-07-17 19:55:38,257:INFO:machine: AMD64
2022-07-17 19:55:38,257:INFO:platform: Windows-10-10.0.19044-SP0
2022-07-17 19:55:38,257:INFO:Memory: svmem(total=16963899392, available=8388091904, percent=50.6, used=8575807488, free=8388091904)
2022-07-17 19:55:38,257:INFO:Physical Core: 4
2022-07-17 19:55:38,258:INFO:Logical Core: 8
2022-07-17 19:55:38,258:INFO:Checking libraries
2022-07-17 19:55:38,258:INFO:pd==1.4.2
2022-07-17 19:55:38,258:INFO:numpy==1.21.5
2022-07-17 19:55:38,258:INFO:sklearn==1.1.1
2022-07-17 19:55:38,258:INFO:xgboost==1.6.1
2022-07-17 19:55:38,258:INFO:lightgbm==3.3.2
2022-07-17 19:55:38,258:INFO:catboost==1.0.6
2022-07-17 19:55:38,258:INFO:mlflow==1.27.0
2022-07-17 19:55:38,258:INFO:Checking Exceptions
2022-07-17 19:55:38,258:INFO:Declaring global variables
2022-07-17 19:55:38,259:INFO:USI: 8e0b
2022-07-17 19:55:38,259:INFO:pycaret_globals: {'fold_shuffle_param', 'fix_imbalance_method_param', 'target_param', '_available_plots', 'n_jobs_param', 'pycaret_globals', '_ml_usecase', 'seed', 'prep_pipe', '_all_models_internal', 'fold_param', 'fold_groups_param', '_all_models', 'gpu_param', 'imputation_classifier', 'display_container', 'X', 'master_model_container', 'fix_imbalance_param', 'data_before_preprocess', '_internal_pipeline', 'transform_target_method_param', 'fold_generator', 'imputation_regressor', 'stratify_param', 'exp_name_log', 'experiment__', '_gpu_n_jobs_param', 'USI', '_all_metrics', 'html_param', 'create_model_container', 'iterative_imputation_iters_param', 'transform_target_param', 'log_plots_param', 'logging_param'}
2022-07-17 19:55:38,259:INFO:Preparing display monitor
2022-07-17 19:55:38,259:INFO:Preparing display monitor
2022-07-17 19:55:38,283:INFO:Importing libraries
2022-07-17 19:55:38,283:INFO:Copying data for preprocessing
2022-07-17 19:55:38,296:INFO:Declaring preprocessing parameters
2022-07-17 19:55:38,299:INFO:Creating preprocessing pipeline
2022-07-17 19:55:38,308:INFO:Preprocessing pipeline created successfully
2022-07-17 19:55:38,308:ERROR:(Process Exit): setup has been interupted with user command 'quit'. setup must rerun.
2022-07-17 19:55:38,308:INFO:Creating global containers
2022-07-17 21:41:32,079:INFO:PyCaret Supervised Module
2022-07-17 21:41:32,079:INFO:ML Usecase: clustering
2022-07-17 21:41:32,079:INFO:version 2.2.2
2022-07-17 21:41:32,080:INFO:Initializing setup()
2022-07-17 21:41:32,080:INFO:setup(target=None, ml_usecase=clustering, available_plots={'cluster': 'Cluster PCA Plot (2d)', 'tsne': 'Cluster TSnE (3d)', 'elbow': 'Elbow', 'silhouette': 'Silhouette', 'distance': 'Distance', 'distribution': 'Distribution'}, train_size=0.7, test_data=None, preprocess=True, imputation_type=simple, iterative_imputation_iters=5, categorical_features=None, categorical_imputation=mode, categorical_iterative_imputer=lightgbm, ordinal_features=None, high_cardinality_features=None, high_cardinality_method=frequency, numeric_features=None, numeric_imputation=mean, numeric_iterative_imputer=lightgbm, date_features=None, ignore_features=None, normalize=True, normalize_method=zscore, transformation=False, transformation_method=yeo-johnson, handle_unknown_categorical=True, unknown_categorical_method=least_frequent, pca=False, pca_method=linear, pca_components=None, ignore_low_variance=False, combine_rare_levels=False, rare_level_threshold=0.1, bin_numeric_features=None, remove_outliers=False, outliers_threshold=0.05, remove_multicollinearity=False, multicollinearity_threshold=0.9, remove_perfect_collinearity=False, create_clusters=False, cluster_iter=20, polynomial_features=False, polynomial_degree=2, trigonometry_features=False, polynomial_threshold=0.1, group_features=None, group_names=None, feature_selection=False, feature_selection_threshold=0.8, feature_selection_method=classic, feature_interaction=False, feature_ratio=False, interaction_threshold=0.01, fix_imbalance=False, fix_imbalance_method=None, transform_target=False, transform_target_method=box-cox, data_split_shuffle=False, data_split_stratify=False, fold_strategy=kfold, fold=10, fold_shuffle=False, fold_groups=None, n_jobs=-1, use_gpu=False, custom_pipeline=None, html=True, session_id=None, log_experiment=False, experiment_name=None, log_plots=False, log_profile=False, log_data=False, silent=False, verbose=True, profile=False, profile_kwargs=None, display=None)
2022-07-17 21:41:32,080:INFO:Checking environment
2022-07-17 21:41:32,080:INFO:python_version: 3.9.12
2022-07-17 21:41:32,080:INFO:python_build: ('main', 'Apr  4 2022 05:22:27')
2022-07-17 21:41:32,080:INFO:machine: AMD64
2022-07-17 21:41:32,080:INFO:platform: Windows-10-10.0.19044-SP0
2022-07-17 21:41:32,080:INFO:Memory: svmem(total=16963899392, available=8482693120, percent=50.0, used=8481206272, free=8482693120)
2022-07-17 21:41:32,080:INFO:Physical Core: 4
2022-07-17 21:41:32,080:INFO:Logical Core: 8
2022-07-17 21:41:32,080:INFO:Checking libraries
2022-07-17 21:41:32,080:INFO:pd==1.4.2
2022-07-17 21:41:32,080:INFO:numpy==1.21.5
2022-07-17 21:41:32,080:INFO:sklearn==1.1.1
2022-07-17 21:41:32,080:INFO:xgboost==1.6.1
2022-07-17 21:41:32,080:INFO:lightgbm==3.3.2
2022-07-17 21:41:32,081:INFO:catboost==1.0.6
2022-07-17 21:41:32,081:INFO:mlflow==1.27.0
2022-07-17 21:41:32,081:INFO:Checking Exceptions
2022-07-17 21:41:32,081:INFO:Declaring global variables
2022-07-17 21:41:32,081:INFO:USI: 1b30
2022-07-17 21:41:32,081:INFO:pycaret_globals: {'fold_shuffle_param', 'fix_imbalance_method_param', 'target_param', '_available_plots', 'n_jobs_param', 'pycaret_globals', '_ml_usecase', 'seed', 'prep_pipe', '_all_models_internal', 'fold_param', 'fold_groups_param', '_all_models', 'gpu_param', 'imputation_classifier', 'display_container', 'X', 'master_model_container', 'fix_imbalance_param', 'data_before_preprocess', '_internal_pipeline', 'transform_target_method_param', 'fold_generator', 'imputation_regressor', 'stratify_param', 'exp_name_log', 'experiment__', '_gpu_n_jobs_param', 'USI', '_all_metrics', 'html_param', 'create_model_container', 'iterative_imputation_iters_param', 'transform_target_param', 'log_plots_param', 'logging_param'}
2022-07-17 21:41:32,081:INFO:Preparing display monitor
2022-07-17 21:41:32,081:INFO:Preparing display monitor
2022-07-17 21:41:32,097:INFO:Importing libraries
2022-07-17 21:41:32,097:INFO:Copying data for preprocessing
2022-07-17 21:41:32,105:INFO:Declaring preprocessing parameters
2022-07-17 21:41:32,107:INFO:Creating preprocessing pipeline
2022-07-17 21:41:32,114:INFO:Preprocessing pipeline created successfully
2022-07-17 21:41:32,115:ERROR:(Process Exit): setup has been interupted with user command 'quit'. setup must rerun.
2022-07-17 21:41:32,115:INFO:Creating global containers
2022-07-18 01:48:19,580:INFO:PyCaret Supervised Module
2022-07-18 01:48:19,580:INFO:ML Usecase: clustering
2022-07-18 01:48:19,581:INFO:version 2.2.2
2022-07-18 01:48:19,581:INFO:Initializing setup()
2022-07-18 01:48:19,581:INFO:setup(target=None, ml_usecase=clustering, available_plots={'cluster': 'Cluster PCA Plot (2d)', 'tsne': 'Cluster TSnE (3d)', 'elbow': 'Elbow', 'silhouette': 'Silhouette', 'distance': 'Distance', 'distribution': 'Distribution'}, train_size=0.7, test_data=None, preprocess=True, imputation_type=simple, iterative_imputation_iters=5, categorical_features=None, categorical_imputation=mode, categorical_iterative_imputer=lightgbm, ordinal_features=None, high_cardinality_features=None, high_cardinality_method=frequency, numeric_features=None, numeric_imputation=mean, numeric_iterative_imputer=lightgbm, date_features=None, ignore_features=None, normalize=True, normalize_method=zscore, transformation=False, transformation_method=yeo-johnson, handle_unknown_categorical=True, unknown_categorical_method=least_frequent, pca=False, pca_method=linear, pca_components=None, ignore_low_variance=False, combine_rare_levels=False, rare_level_threshold=0.1, bin_numeric_features=None, remove_outliers=False, outliers_threshold=0.05, remove_multicollinearity=False, multicollinearity_threshold=0.9, remove_perfect_collinearity=False, create_clusters=False, cluster_iter=20, polynomial_features=False, polynomial_degree=2, trigonometry_features=False, polynomial_threshold=0.1, group_features=None, group_names=None, feature_selection=False, feature_selection_threshold=0.8, feature_selection_method=classic, feature_interaction=False, feature_ratio=False, interaction_threshold=0.01, fix_imbalance=False, fix_imbalance_method=None, transform_target=False, transform_target_method=box-cox, data_split_shuffle=False, data_split_stratify=False, fold_strategy=kfold, fold=10, fold_shuffle=False, fold_groups=None, n_jobs=-1, use_gpu=False, custom_pipeline=None, html=True, session_id=None, log_experiment=False, experiment_name=None, log_plots=False, log_profile=False, log_data=False, silent=False, verbose=True, profile=False, profile_kwargs=None, display=None)
2022-07-18 01:48:19,581:INFO:Checking environment
2022-07-18 01:48:19,581:INFO:python_version: 3.9.12
2022-07-18 01:48:19,582:INFO:python_build: ('main', 'Apr  4 2022 05:22:27')
2022-07-18 01:48:19,582:INFO:machine: AMD64
2022-07-18 01:48:19,582:INFO:platform: Windows-10-10.0.19044-SP0
2022-07-18 01:48:19,582:INFO:Memory: svmem(total=16963899392, available=6151991296, percent=63.7, used=10811908096, free=6151991296)
2022-07-18 01:48:19,582:INFO:Physical Core: 4
2022-07-18 01:48:19,582:INFO:Logical Core: 8
2022-07-18 01:48:19,582:INFO:Checking libraries
2022-07-18 01:48:19,583:INFO:pd==1.4.2
2022-07-18 01:48:19,583:INFO:numpy==1.21.5
2022-07-18 01:48:19,583:INFO:sklearn==1.1.1
2022-07-18 01:48:20,158:INFO:xgboost==1.6.1
2022-07-18 01:48:20,158:INFO:lightgbm==3.3.2
2022-07-18 01:48:20,687:INFO:catboost==1.0.6
2022-07-18 01:48:21,706:INFO:mlflow==1.27.0
2022-07-18 01:48:21,707:INFO:Checking Exceptions
2022-07-18 01:48:21,707:INFO:Declaring global variables
2022-07-18 01:48:21,707:INFO:USI: 623f
2022-07-18 01:48:21,707:INFO:pycaret_globals: {'fix_imbalance_method_param', '_available_plots', 'data_before_preprocess', 'display_container', 'transform_target_method_param', 'n_jobs_param', 'fold_generator', 'fold_param', '_ml_usecase', 'log_plots_param', 'html_param', 'fold_groups_param', 'prep_pipe', 'imputation_classifier', 'imputation_regressor', 'gpu_param', 'create_model_container', 'exp_name_log', 'iterative_imputation_iters_param', 'master_model_container', 'transform_target_param', 'fold_shuffle_param', 'fix_imbalance_param', 'target_param', 'pycaret_globals', '_all_models_internal', '_all_metrics', 'X', 'experiment__', '_gpu_n_jobs_param', 'logging_param', 'stratify_param', '_all_models', 'seed', '_internal_pipeline', 'USI'}
2022-07-18 01:48:21,707:INFO:Preparing display monitor
2022-07-18 01:48:21,707:INFO:Preparing display monitor
2022-07-18 01:48:21,721:INFO:Importing libraries
2022-07-18 01:48:21,721:INFO:Copying data for preprocessing
2022-07-18 01:48:21,728:INFO:Declaring preprocessing parameters
2022-07-18 01:48:21,730:INFO:Creating preprocessing pipeline
2022-07-18 01:48:21,736:INFO:Preprocessing pipeline created successfully
2022-07-18 01:48:21,736:ERROR:(Process Exit): setup has been interupted with user command 'quit'. setup must rerun.
2022-07-18 01:48:21,736:INFO:Creating global containers
